0 info it worked if it ends with ok
1 verbose cli [ '/Users/pairing/.nvm/versions/node/v5.11.0/bin/node',
1 verbose cli   '/Users/pairing/.nvm/versions/node/v5.11.0/bin/npm',
1 verbose cli   'run',
1 verbose cli   'sync' ]
2 info using npm@3.8.6
3 info using node@v5.11.0
4 verbose run-script [ 'presync', 'sync', 'postsync' ]
5 info lifecycle webdriverio-test@1.0.0~presync: webdriverio-test@1.0.0
6 silly lifecycle webdriverio-test@1.0.0~presync: no script for presync, continuing
7 info lifecycle webdriverio-test@1.0.0~sync: webdriverio-test@1.0.0
8 verbose lifecycle webdriverio-test@1.0.0~sync: unsafe-perm in lifecycle true
9 verbose lifecycle webdriverio-test@1.0.0~sync: PATH: /Users/pairing/.nvm/versions/node/v5.11.0/lib/node_modules/npm/bin/node-gyp-bin:/Users/pairing/projects/webdriverio-test/node_modules/.bin:/Users/pairing/.nvm/versions/node/v5.11.0/bin:/Users/pairing/.nvm/versions/node/v5.11.0/bin:/Users/pairing/bin:/usr/local/bin:/usr/bin:/bin:/usr/local/sbin:/usr/sbin:/sbin:/Users/pairing/.rvm/bin:/Users/pairing/.rvm/bin:/Users/pairing/.oh-my-zsh-custom/bin:/Users/pairing/.rvm/bin
10 verbose lifecycle webdriverio-test@1.0.0~sync: CWD: /Users/pairing/projects/webdriverio-test
11 silly lifecycle webdriverio-test@1.0.0~sync: Args: [ '-c', 'wdio wdio.conf.js' ]
12 silly lifecycle webdriverio-test@1.0.0~sync: Returned: code: 1  signal: null
13 info lifecycle webdriverio-test@1.0.0~sync: Failed to exec sync script
14 verbose stack Error: webdriverio-test@1.0.0 sync: `wdio wdio.conf.js`
14 verbose stack Exit status 1
14 verbose stack     at EventEmitter.<anonymous> (/Users/pairing/.nvm/versions/node/v5.11.0/lib/node_modules/npm/lib/utils/lifecycle.js:239:16)
14 verbose stack     at emitTwo (events.js:100:13)
14 verbose stack     at EventEmitter.emit (events.js:185:7)
14 verbose stack     at ChildProcess.<anonymous> (/Users/pairing/.nvm/versions/node/v5.11.0/lib/node_modules/npm/lib/utils/spawn.js:24:14)
14 verbose stack     at emitTwo (events.js:100:13)
14 verbose stack     at ChildProcess.emit (events.js:185:7)
14 verbose stack     at maybeClose (internal/child_process.js:850:16)
14 verbose stack     at Process.ChildProcess._handle.onexit (internal/child_process.js:215:5)
15 verbose pkgid webdriverio-test@1.0.0
16 verbose cwd /Users/pairing/projects/webdriverio-test
17 error Darwin 15.3.0
18 error argv "/Users/pairing/.nvm/versions/node/v5.11.0/bin/node" "/Users/pairing/.nvm/versions/node/v5.11.0/bin/npm" "run" "sync"
19 error node v5.11.0
20 error npm  v3.8.6
21 error code ELIFECYCLE
22 error webdriverio-test@1.0.0 sync: `wdio wdio.conf.js`
22 error Exit status 1
23 error Failed at the webdriverio-test@1.0.0 sync script 'wdio wdio.conf.js'.
23 error Make sure you have the latest version of node.js and npm installed.
23 error If you do, this is most likely a problem with the webdriverio-test package,
23 error not with npm itself.
23 error Tell the author that this fails on your system:
23 error     wdio wdio.conf.js
23 error You can get information on how to open an issue for this project with:
23 error     npm bugs webdriverio-test
23 error Or if that isn't available, you can get their info via:
23 error     npm owner ls webdriverio-test
23 error There is likely additional logging output above.
24 verbose exit [ 1, true ]
